Using pre-set license
Built from '2021.1/staging' branch; Version is '2021.1.3f1 (4bef613afd59) revision 4976481'; Using compiler version '192528614'; Build Type 'Release'
OS: 'Windows 10 Home; OS build 19042.985; Version 2009; 64bit' Language: 'en' Physical Memory: 16198 MB
BatchMode: 1, IsHumanControllingUs: 0, StartBugReporterOnCrash: 0, Is64bit: 1, IsPro: 0

 COMMAND LINE ARGUMENTS:
C:\Program Files\Unity\Hub\Editor\2021.1.3f1\Editor\Unity.exe
-adb2
-batchMode
-noUpm
-name
AssetImportWorker0
-projectPath
C:/git/Challenge - Sprite Pachinko (Unity Essentials)
-logFile
Logs/AssetImportWorker0.log
-srvPort
62402
Successfully changed project path to: C:/git/Challenge - Sprite Pachinko (Unity Essentials)
C:/git/Challenge - Sprite Pachinko (Unity Essentials)
Using Asset Import Pipeline V2.
Refreshing native plugins compatible for Editor in 100.05 ms, found 1 plugins.
Preloading 0 native plugins for Editor in 0.00 ms.
Initialize engine version: 2021.1.3f1 (4bef613afd59)
[Subsystems] Discovering subsystems at path C:/Program Files/Unity/Hub/Editor/2021.1.3f1/Editor/Data/Resources/UnitySubsystems
[Subsystems] Discovering subsystems at path C:/git/Challenge - Sprite Pachinko (Unity Essentials)/Assets
GfxDevice: creating device client; threaded=0; jobified=0
Direct3D:
    Version:  Direct3D 11.0 [level 11.1]
    Renderer: NVIDIA GeForce GTX 1650 with Max-Q Design (ID=0x1f91)
    Vendor:   NVIDIA
    VRAM:     3964 MB
    Driver:   27.21.14.5763
Initialize mono
Mono path[0] = 'C:/Program Files/Unity/Hub/Editor/2021.1.3f1/Editor/Data/Managed'
Mono path[1] = 'C:/Program Files/Unity/Hub/Editor/2021.1.3f1/Editor/Data/MonoBleedingEdge/lib/mono/unityjit'
Mono config path = 'C:/Program Files/Unity/Hub/Editor/2021.1.3f1/Editor/Data/MonoBleedingEdge/etc'
Using monoOptions --debugger-agent=transport=dt_socket,embedding=1,server=y,suspend=n,address=127.0.0.1:56108
Begin MonoManager ReloadAssembly
Registering precompiled unity dll's ...
Register platform support module: C:/Program Files/Unity/Hub/Editor/2021.1.3f1/Editor/Data/PlaybackEngines/WebGLSupport/UnityEditor.WebGL.Extensions.dll
Register platform support module: C:/Program Files/Unity/Hub/Editor/2021.1.3f1/Editor/Data/PlaybackEngines/WindowsStandaloneSupport/UnityEditor.WindowsStandalone.Extensions.dll
Registered in 0.002831 seconds.
Native extension for WindowsStandalone target not found
Native extension for WebGL target not found
Refreshing native plugins compatible for Editor in 74.32 ms, found 1 plugins.
Preloading 0 native plugins for Editor in 0.00 ms.
Mono: successfully reloaded assembly
- Completed reload, in  1.857 seconds
Platform modules already initialized, skipping
Registering precompiled user dll's ...
Registered in 0.003603 seconds.
Begin MonoManager ReloadAssembly
Native extension for WindowsStandalone target not found
Native extension for WebGL target not found
Refreshing native plugins compatible for Editor in 0.53 ms, found 1 plugins.
Preloading 0 native plugins for Editor in 0.00 ms.
Mono: successfully reloaded assembly
- Completed reload, in  0.937 seconds
Platform modules already initialized, skipping
========================================================================
Worker process is ready to serve import requests
Launched and connected shader compiler UnityShaderCompiler.exe after 0.04 seconds
Refreshing native plugins compatible for Editor in 0.82 ms, found 1 plugins.
Preloading 0 native plugins for Editor in 0.00 ms.
Unloading 2665 Unused Serialized files (Serialized files now loaded: 0)
System memory in use before: 109.8 MB.
System memory in use after: 110.0 MB.

Unloading 15 unused Assets to reduce memory usage. Loaded Objects now: 3131.
Total: 3.686700 ms (FindLiveObjects: 0.595700 ms CreateObjectMapping: 0.465900 ms MarkObjects: 2.494600 ms  DeleteObjects: 0.129100 ms)

========================================================================
Received Import Request.
  path: Assets/New Terrain.asset
  artifactKey: Guid(fc1d244586712254a86793f4351880f2) Importer(815301076,1909f56bfc062723c751e8b465ee728b)
Start importing Assets/New Terrain.asset using Guid(fc1d244586712254a86793f4351880f2) Importer(815301076,1909f56bfc062723c751e8b465ee728b)  -> (artifact id: '130a677055b28acf1ccc8402cd1de209') in 0.043347 seconds 
========================================================================
Received Import Request.
  Time since last request: 190.860284 seconds.
  path: Assets/Tree.prefab
  artifactKey: Guid(62e27f7fa5efc9d42bfdca1411f501a5) Importer(815301076,1909f56bfc062723c751e8b465ee728b)
Start importing Assets/Tree.prefab using Guid(62e27f7fa5efc9d42bfdca1411f501a5) Importer(815301076,1909f56bfc062723c751e8b465ee728b)  -> (artifact id: 'ab101ffd8b9b82b346e3b7d5a88cba66') in 0.611335 seconds 
========================================================================
Received Import Request.
  Time since last request: 35.470334 seconds.
  path: Assets/New Terrain 1.asset
  artifactKey: Guid(691fa14aaefb4a34e9f1ad80fefa591a) Importer(815301076,1909f56bfc062723c751e8b465ee728b)
Start importing Assets/New Terrain 1.asset using Guid(691fa14aaefb4a34e9f1ad80fefa591a) Importer(815301076,1909f56bfc062723c751e8b465ee728b)  -> (artifact id: '628838910f8ee6c6756857962476d44d') in 0.014327 seconds 
========================================================================
Received Import Request.
  Time since last request: 241.057797 seconds.
  path: Assets/Tree_Textures/diffuse.png
  artifactKey: Guid(978bc65a323e9f54db23e82a73003ba2) Importer(815301076,1909f56bfc062723c751e8b465ee728b)
Start importing Assets/Tree_Textures/diffuse.png using Guid(978bc65a323e9f54db23e82a73003ba2) Importer(815301076,1909f56bfc062723c751e8b465ee728b)  -> (artifact id: '194d57ee2ce45409ad3c323fbad13138') in 0.063509 seconds 
========================================================================
Received Import Request.
  Time since last request: 0.000325 seconds.
  path: Assets/Tree_Textures/shadow.png
  artifactKey: Guid(7852ffae7da03a344ba88564b7a5c9ea) Importer(815301076,1909f56bfc062723c751e8b465ee728b)
Start importing Assets/Tree_Textures/shadow.png using Guid(7852ffae7da03a344ba88564b7a5c9ea) Importer(815301076,1909f56bfc062723c751e8b465ee728b)  -> (artifact id: '1adab40dc4b2928ebbe0fdc248db34e3') in 0.016516 seconds 
========================================================================
Received Import Request.
  Time since last request: 0.000281 seconds.
  path: Assets/Tree_Textures/translucency_gloss.png
  artifactKey: Guid(b273496c9991e4443bcba85b22fd801f) Importer(815301076,1909f56bfc062723c751e8b465ee728b)
Start importing Assets/Tree_Textures/translucency_gloss.png using Guid(b273496c9991e4443bcba85b22fd801f) Importer(815301076,1909f56bfc062723c751e8b465ee728b)  -> (artifact id: 'ddafbd161c5f58e0ebec09d85101daca') in 0.018861 seconds 
========================================================================
Received Import Request.
  Time since last request: 0.000329 seconds.
  path: Assets/Tree_Textures/normal_specular.png
  artifactKey: Guid(6cfb31310975c7646bb62114bf998306) Importer(815301076,1909f56bfc062723c751e8b465ee728b)
Start importing Assets/Tree_Textures/normal_specular.png using Guid(6cfb31310975c7646bb62114bf998306) Importer(815301076,1909f56bfc062723c751e8b465ee728b)  -> (artifact id: '436a4af7ea07fc404698e2df23663b49') in 0.017759 seconds 
========================================================================
Received Import Request.
  Time since last request: 515.650685 seconds.
  path: Assets/Tree_Textures
  artifactKey: Guid(f51241b7bc832e042bdf19cba65b50cd) Importer(815301076,1909f56bfc062723c751e8b465ee728b)
Start importing Assets/Tree_Textures using Guid(f51241b7bc832e042bdf19cba65b50cd) Importer(815301076,1909f56bfc062723c751e8b465ee728b)  -> (artifact id: 'c064ccc486858c3d72fe7301c3476e26') in 0.008467 seconds 
========================================================================
Received Import Request.
  Time since last request: 331.573071 seconds.
  path: Assets/Materials/Blue.mat
  artifactKey: Guid(8c8cf17cd83c26e449a0384587433dda) Importer(815301076,1909f56bfc062723c751e8b465ee728b)
Start importing Assets/Materials/Blue.mat using Guid(8c8cf17cd83c26e449a0384587433dda) Importer(815301076,1909f56bfc062723c751e8b465ee728b)  -> (artifact id: 'd0684a59fb1a988d8a868ce25ad8484a') in 0.029245 seconds 
========================================================================
Received Import Request.
  Time since last request: 0.000273 seconds.
  path: Assets/Materials/Yellow.mat
  artifactKey: Guid(edd816eb86d72be4ebe268145fe2522e) Importer(815301076,1909f56bfc062723c751e8b465ee728b)
Start importing Assets/Materials/Yellow.mat using Guid(edd816eb86d72be4ebe268145fe2522e) Importer(815301076,1909f56bfc062723c751e8b465ee728b)  -> (artifact id: '404a76634929fe295019bf2dee69839f') in 0.016199 seconds 
========================================================================
Received Import Request.
  Time since last request: 0.000400 seconds.
  path: Assets/Materials/Purple.mat
  artifactKey: Guid(aff1fe01a94818340a0abd87348b9158) Importer(815301076,1909f56bfc062723c751e8b465ee728b)
Start importing Assets/Materials/Purple.mat using Guid(aff1fe01a94818340a0abd87348b9158) Importer(815301076,1909f56bfc062723c751e8b465ee728b)  -> (artifact id: '021645db96efc67a82b8f33f5c79c1fe') in 0.016079 seconds 
========================================================================
Received Import Request.
  Time since last request: 0.000343 seconds.
  path: Assets/Materials/Red.mat
  artifactKey: Guid(633e867b263896843b168bf917aa4ce1) Importer(815301076,1909f56bfc062723c751e8b465ee728b)
Start importing Assets/Materials/Red.mat using Guid(633e867b263896843b168bf917aa4ce1) Importer(815301076,1909f56bfc062723c751e8b465ee728b)  -> (artifact id: 'fbbb1b28e9b7054b807cfcc777fe357b') in 0.016402 seconds 
========================================================================
Received Import Request.
  Time since last request: 0.000402 seconds.
  path: Assets/Materials/Orange.mat
  artifactKey: Guid(296abf709cddc9f4b9e0a1658e56f0e5) Importer(815301076,1909f56bfc062723c751e8b465ee728b)
Start importing Assets/Materials/Orange.mat using Guid(296abf709cddc9f4b9e0a1658e56f0e5) Importer(815301076,1909f56bfc062723c751e8b465ee728b)  -> (artifact id: 'f71d6d3907a2034e1291258a27d240b2') in 0.018333 seconds 
========================================================================
Received Import Request.
  Time since last request: 0.000302 seconds.
  path: Assets/Materials/Pink.mat
  artifactKey: Guid(4f18e59a1d0c76745b3725be24fefc77) Importer(815301076,1909f56bfc062723c751e8b465ee728b)
Start importing Assets/Materials/Pink.mat using Guid(4f18e59a1d0c76745b3725be24fefc77) Importer(815301076,1909f56bfc062723c751e8b465ee728b)  -> (artifact id: '892ea335b50faae6f01480881101bd77') in 0.020443 seconds 
========================================================================
Received Import Request.
  Time since last request: 0.000275 seconds.
  path: Assets/Materials/Dark Green.mat
  artifactKey: Guid(0e8cd2c732a7e3643ab0b8ad3d0a056d) Importer(815301076,1909f56bfc062723c751e8b465ee728b)
Start importing Assets/Materials/Dark Green.mat using Guid(0e8cd2c732a7e3643ab0b8ad3d0a056d) Importer(815301076,1909f56bfc062723c751e8b465ee728b)  -> (artifact id: '8b5b40cf087a52ad5818ed95708146df') in 0.018563 seconds 
========================================================================
Received Import Request.
  Time since last request: 0.000309 seconds.
  path: Assets/Materials/Silver.mat
  artifactKey: Guid(addc851634da87f45b362ace89903176) Importer(815301076,1909f56bfc062723c751e8b465ee728b)
Start importing Assets/Materials/Silver.mat using Guid(addc851634da87f45b362ace89903176) Importer(815301076,1909f56bfc062723c751e8b465ee728b)  -> (artifact id: '3c396dab4fe4b5549a0a96e36435d48d') in 0.020178 seconds 
========================================================================
Received Import Request.
  Time since last request: 0.000218 seconds.
  path: Assets/Materials/Dark Blue.mat
  artifactKey: Guid(1305f8aa38216cc49a590b6cf9d906b5) Importer(815301076,1909f56bfc062723c751e8b465ee728b)
Start importing Assets/Materials/Dark Blue.mat using Guid(1305f8aa38216cc49a590b6cf9d906b5) Importer(815301076,1909f56bfc062723c751e8b465ee728b)  -> (artifact id: '4bb0e0f287ce932e942e31fbd68d5c94') in 0.017892 seconds 
========================================================================
Received Import Request.
  Time since last request: 0.000302 seconds.
  path: Assets/Materials/Green.mat
  artifactKey: Guid(9c426b7b392954e4dac9ef0f5ccd4766) Importer(815301076,1909f56bfc062723c751e8b465ee728b)
Start importing Assets/Materials/Green.mat using Guid(9c426b7b392954e4dac9ef0f5ccd4766) Importer(815301076,1909f56bfc062723c751e8b465ee728b)  -> (artifact id: 'c630c0ef8c75bdbf8d9805b06e366555') in 0.015557 seconds 
========================================================================
Received Import Request.
  Time since last request: 3.048135 seconds.
  path: Assets/Materials
  artifactKey: Guid(3e6efd7d9a053144b80a4853f658f72e) Importer(815301076,1909f56bfc062723c751e8b465ee728b)
Start importing Assets/Materials using Guid(3e6efd7d9a053144b80a4853f658f72e) Importer(815301076,1909f56bfc062723c751e8b465ee728b)  -> (artifact id: '8356cd33fd51dc88ee84e2a7517d43b0') in 0.009097 seconds 
========================================================================
Received Import Request.
  Time since last request: 0.124969 seconds.
  path: Assets/Materials/BouncyMaterial.physicMaterial
  artifactKey: Guid(cc7dcfb66b33160499975da8bbb958fa) Importer(815301076,1909f56bfc062723c751e8b465ee728b)
Start importing Assets/Materials/BouncyMaterial.physicMaterial using Guid(cc7dcfb66b33160499975da8bbb958fa) Importer(815301076,1909f56bfc062723c751e8b465ee728b)  -> (artifact id: '50f396e817ddf3b52f10e621d1ad70a5') in 0.015380 seconds 
========================================================================
Received Import Request.
  Time since last request: 17.875470 seconds.
  path: Assets/Materials/Brown.mat
  artifactKey: Guid(6149eca3daf07ca49937865b482ae7d0) Importer(815301076,1909f56bfc062723c751e8b465ee728b)
Start importing Assets/Materials/Brown.mat using Guid(6149eca3daf07ca49937865b482ae7d0) Importer(815301076,1909f56bfc062723c751e8b465ee728b)  -> (artifact id: '8ba54747e688d0e5ab07f9f1f26ceb7d') in 0.021440 seconds 
========================================================================
Received Prepare
Registering precompiled user dll's ...
Registered in 0.003917 seconds.
Begin MonoManager ReloadAssembly
Native extension for WindowsStandalone target not found
Native extension for WebGL target not found
Refreshing native plugins compatible for Editor in 0.52 ms, found 1 plugins.
Preloading 0 native plugins for Editor in 0.00 ms.
Mono: successfully reloaded assembly
- Completed reload, in  0.844 seconds
Platform modules already initialized, skipping
Refreshing native plugins compatible for Editor in 0.61 ms, found 1 plugins.
Preloading 0 native plugins for Editor in 0.00 ms.
Unloading 2814 Unused Serialized files (Serialized files now loaded: 0)
System memory in use before: 121.0 MB.
System memory in use after: 121.2 MB.

Unloading 12 unused Assets to reduce memory usage. Loaded Objects now: 3392.
Total: 3.144800 ms (FindLiveObjects: 0.584100 ms CreateObjectMapping: 0.337500 ms MarkObjects: 2.112100 ms  DeleteObjects: 0.109300 ms)

========================================================================
Received Prepare
Registering precompiled user dll's ...
Registered in 0.004135 seconds.
Begin MonoManager ReloadAssembly
Native extension for WindowsStandalone target not found
Native extension for WebGL target not found
Refreshing native plugins compatible for Editor in 0.54 ms, found 1 plugins.
Preloading 0 native plugins for Editor in 0.00 ms.
Mono: successfully reloaded assembly
- Completed reload, in  0.921 seconds
Platform modules already initialized, skipping
Refreshing native plugins compatible for Editor in 0.51 ms, found 1 plugins.
Preloading 0 native plugins for Editor in 0.00 ms.
Unloading 2813 Unused Serialized files (Serialized files now loaded: 0)
System memory in use before: 121.0 MB.
System memory in use after: 121.2 MB.

Unloading 12 unused Assets to reduce memory usage. Loaded Objects now: 3395.
Total: 2.658900 ms (FindLiveObjects: 0.485100 ms CreateObjectMapping: 0.271300 ms MarkObjects: 1.835200 ms  DeleteObjects: 0.065800 ms)

========================================================================
Received Import Request.
  Time since last request: 2205.025683 seconds.
  path: Assets/Materials/Brown.mat
  artifactKey: Guid(6149eca3daf07ca49937865b482ae7d0) Importer(815301076,1909f56bfc062723c751e8b465ee728b)
Start importing Assets/Materials/Brown.mat using Guid(6149eca3daf07ca49937865b482ae7d0) Importer(815301076,1909f56bfc062723c751e8b465ee728b)  -> (artifact id: '6181ee46a0c89f786982a102235b49ea') in 0.059952 seconds 
========================================================================
Received Prepare
Registering precompiled user dll's ...
Registered in 0.005146 seconds.
Begin MonoManager ReloadAssembly
Native extension for WindowsStandalone target not found
Native extension for WebGL target not found
Refreshing native plugins compatible for Editor in 0.50 ms, found 1 plugins.
Preloading 0 native plugins for Editor in 0.00 ms.
Mono: successfully reloaded assembly
- Completed reload, in  0.895 seconds
Platform modules already initialized, skipping
Refreshing native plugins compatible for Editor in 0.51 ms, found 1 plugins.
Preloading 0 native plugins for Editor in 0.00 ms.
Unloading 2813 Unused Serialized files (Serialized files now loaded: 0)
System memory in use before: 121.1 MB.
System memory in use after: 121.2 MB.

Unloading 12 unused Assets to reduce memory usage. Loaded Objects now: 3399.
Total: 2.408800 ms (FindLiveObjects: 0.299900 ms CreateObjectMapping: 0.180600 ms MarkObjects: 1.864500 ms  DeleteObjects: 0.062500 ms)

========================================================================
Received Prepare
Registering precompiled user dll's ...
Registered in 0.004189 seconds.
Begin MonoManager ReloadAssembly
Native extension for WindowsStandalone target not found
Native extension for WebGL target not found
Refreshing native plugins compatible for Editor in 0.55 ms, found 1 plugins.
Preloading 0 native plugins for Editor in 0.00 ms.
Mono: successfully reloaded assembly
- Completed reload, in  0.861 seconds
Platform modules already initialized, skipping
Refreshing native plugins compatible for Editor in 0.53 ms, found 1 plugins.
Preloading 0 native plugins for Editor in 0.00 ms.
Unloading 2813 Unused Serialized files (Serialized files now loaded: 0)
System memory in use before: 121.1 MB.
System memory in use after: 121.2 MB.

Unloading 12 unused Assets to reduce memory usage. Loaded Objects now: 3402.
Total: 2.639200 ms (FindLiveObjects: 0.312500 ms CreateObjectMapping: 0.165200 ms MarkObjects: 2.064900 ms  DeleteObjects: 0.094900 ms)

========================================================================
Received Prepare
Registering precompiled user dll's ...
Registered in 0.004057 seconds.
Begin MonoManager ReloadAssembly
Native extension for WindowsStandalone target not found
Native extension for WebGL target not found
Refreshing native plugins compatible for Editor in 0.51 ms, found 1 plugins.
Preloading 0 native plugins for Editor in 0.00 ms.
Mono: successfully reloaded assembly
- Completed reload, in  0.882 seconds
Platform modules already initialized, skipping
Refreshing native plugins compatible for Editor in 0.49 ms, found 1 plugins.
Preloading 0 native plugins for Editor in 0.00 ms.
Unloading 2813 Unused Serialized files (Serialized files now loaded: 0)
System memory in use before: 121.1 MB.
System memory in use after: 121.3 MB.

Unloading 12 unused Assets to reduce memory usage. Loaded Objects now: 3405.
Total: 5.293300 ms (FindLiveObjects: 0.546800 ms CreateObjectMapping: 0.389900 ms MarkObjects: 4.193400 ms  DeleteObjects: 0.160900 ms)

========================================================================
Received Prepare
Registering precompiled user dll's ...
Registered in 0.004664 seconds.
Begin MonoManager ReloadAssembly
Native extension for WindowsStandalone target not found
Native extension for WebGL target not found
Refreshing native plugins compatible for Editor in 0.56 ms, found 1 plugins.
Preloading 0 native plugins for Editor in 0.00 ms.
Mono: successfully reloaded assembly
- Completed reload, in  0.920 seconds
Platform modules already initialized, skipping
Refreshing native plugins compatible for Editor in 0.51 ms, found 1 plugins.
Preloading 0 native plugins for Editor in 0.00 ms.
Unloading 2813 Unused Serialized files (Serialized files now loaded: 0)
System memory in use before: 121.1 MB.
System memory in use after: 121.3 MB.

Unloading 12 unused Assets to reduce memory usage. Loaded Objects now: 3408.
Total: 3.461000 ms (FindLiveObjects: 0.495100 ms CreateObjectMapping: 0.224900 ms MarkObjects: 2.660500 ms  DeleteObjects: 0.079400 ms)

========================================================================
Received Prepare
Registering precompiled user dll's ...
Registered in 0.004036 seconds.
Begin MonoManager ReloadAssembly
Native extension for WindowsStandalone target not found
Native extension for WebGL target not found
Refreshing native plugins compatible for Editor in 0.51 ms, found 1 plugins.
Preloading 0 native plugins for Editor in 0.00 ms.
Mono: successfully reloaded assembly
- Completed reload, in  0.900 seconds
Platform modules already initialized, skipping
Refreshing native plugins compatible for Editor in 0.63 ms, found 1 plugins.
Preloading 0 native plugins for Editor in 0.00 ms.
Unloading 2813 Unused Serialized files (Serialized files now loaded: 0)
System memory in use before: 121.1 MB.
System memory in use after: 121.3 MB.

Unloading 12 unused Assets to reduce memory usage. Loaded Objects now: 3411.
Total: 2.419000 ms (FindLiveObjects: 0.369800 ms CreateObjectMapping: 0.179700 ms MarkObjects: 1.803400 ms  DeleteObjects: 0.065300 ms)

========================================================================
Received Prepare
Refreshing native plugins compatible for Editor in 2.91 ms, found 1 plugins.
Preloading 0 native plugins for Editor in 0.00 ms.
Unloading 10 Unused Serialized files (Serialized files now loaded: 0)
System memory in use before: 65.4 MB.
System memory in use after: 65.6 MB.

Unloading 10 unused Assets to reduce memory usage. Loaded Objects now: 3411.
Total: 2.935200 ms (FindLiveObjects: 0.453700 ms CreateObjectMapping: 0.276700 ms MarkObjects: 2.135800 ms  DeleteObjects: 0.067300 ms)

========================================================================
Received Prepare
Refreshing native plugins compatible for Editor in 2.74 ms, found 1 plugins.
Preloading 0 native plugins for Editor in 0.00 ms.
Unloading 10 Unused Serialized files (Serialized files now loaded: 0)
System memory in use before: 65.4 MB.
System memory in use after: 65.6 MB.

Unloading 10 unused Assets to reduce memory usage. Loaded Objects now: 3411.
Total: 2.819000 ms (FindLiveObjects: 0.348700 ms CreateObjectMapping: 0.240600 ms MarkObjects: 2.155800 ms  DeleteObjects: 0.072900 ms)

========================================================================
Received Prepare
Registering precompiled user dll's ...
Registered in 0.004661 seconds.
Begin MonoManager ReloadAssembly
Native extension for WindowsStandalone target not found
Native extension for WebGL target not found
Refreshing native plugins compatible for Editor in 0.52 ms, found 1 plugins.
Preloading 0 native plugins for Editor in 0.00 ms.
Mono: successfully reloaded assembly
- Completed reload, in  0.950 seconds
Platform modules already initialized, skipping
Refreshing native plugins compatible for Editor in 0.58 ms, found 1 plugins.
Preloading 0 native plugins for Editor in 0.00 ms.
Unloading 2848 Unused Serialized files (Serialized files now loaded: 0)
System memory in use before: 122.2 MB.
System memory in use after: 122.4 MB.

Unloading 13 unused Assets to reduce memory usage. Loaded Objects now: 3448.
Total: 3.599900 ms (FindLiveObjects: 0.674300 ms CreateObjectMapping: 0.341600 ms MarkObjects: 2.481600 ms  DeleteObjects: 0.100600 ms)

========================================================================
Received Prepare
Refreshing native plugins compatible for Editor in 3.18 ms, found 1 plugins.
Preloading 0 native plugins for Editor in 0.00 ms.
Unloading 11 Unused Serialized files (Serialized files now loaded: 0)
System memory in use before: 65.9 MB.
System memory in use after: 66.0 MB.

Unloading 11 unused Assets to reduce memory usage. Loaded Objects now: 3448.
Total: 2.863300 ms (FindLiveObjects: 0.451500 ms CreateObjectMapping: 0.253600 ms MarkObjects: 2.088900 ms  DeleteObjects: 0.067700 ms)

========================================================================
Received Prepare
Refreshing native plugins compatible for Editor in 2.87 ms, found 1 plugins.
Preloading 0 native plugins for Editor in 0.00 ms.
Unloading 11 Unused Serialized files (Serialized files now loaded: 0)
System memory in use before: 65.9 MB.
System memory in use after: 66.0 MB.

Unloading 11 unused Assets to reduce memory usage. Loaded Objects now: 3448.
Total: 2.501700 ms (FindLiveObjects: 0.313000 ms CreateObjectMapping: 0.188300 ms MarkObjects: 1.920200 ms  DeleteObjects: 0.079400 ms)

========================================================================
Received Prepare
Refreshing native plugins compatible for Editor in 2.47 ms, found 1 plugins.
Preloading 0 native plugins for Editor in 0.00 ms.
Unloading 11 Unused Serialized files (Serialized files now loaded: 0)
System memory in use before: 65.9 MB.
System memory in use after: 66.0 MB.

Unloading 11 unused Assets to reduce memory usage. Loaded Objects now: 3448.
Total: 3.810800 ms (FindLiveObjects: 0.503500 ms CreateObjectMapping: 0.232100 ms MarkObjects: 2.968600 ms  DeleteObjects: 0.105400 ms)

========================================================================
Received Prepare
Registering precompiled user dll's ...
Registered in 0.004568 seconds.
Begin MonoManager ReloadAssembly
Native extension for WindowsStandalone target not found
Native extension for WebGL target not found
Refreshing native plugins compatible for Editor in 0.58 ms, found 1 plugins.
Preloading 0 native plugins for Editor in 0.00 ms.
Mono: successfully reloaded assembly
- Completed reload, in  0.920 seconds
Platform modules already initialized, skipping
Refreshing native plugins compatible for Editor in 0.54 ms, found 1 plugins.
Preloading 0 native plugins for Editor in 0.00 ms.
Unloading 2848 Unused Serialized files (Serialized files now loaded: 0)
System memory in use before: 122.2 MB.
System memory in use after: 122.4 MB.

Unloading 13 unused Assets to reduce memory usage. Loaded Objects now: 3451.
Total: 2.395600 ms (FindLiveObjects: 0.220600 ms CreateObjectMapping: 0.090300 ms MarkObjects: 1.975000 ms  DeleteObjects: 0.108500 ms)

AssetImportWorkerClient::OnTransportError - code=2 error=End of file
